<?xml version="1.0" encoding="UTF-8"?>
<!-- Generated by org.testng.reporters.JUnitReportReporter -->
<testsuite hostname="Deepak-Laptop-J2HIDU4U" failures="0" tests="1" name="dayy15testngoptions.Testngopt" time="0.039" errors="0" timestamp="31 May 2023 07:09:39 GMT" skipped="0">
  <testcase classname="dayy15testngoptions.Testngopt" name="click" time="0.039"/>
</testsuite> <!-- dayy15testngoptions.Testngopt -->
