<?xml version="1.0" encoding="UTF-8"?>
<!-- Generated by org.testng.reporters.JUnitReportReporter -->
<testsuite hostname="Deepak-Laptop-J2HIDU4U" failures="0" tests="2" name="dayy14TestNG.Testngclass" time="0.018" errors="0" timestamp="30 May 2023 14:35:57 GMT" skipped="0">
  <testcase classname="dayy14TestNG.Testngclass" name="Secondtestng" time="0.017"/>
  <testcase classname="dayy14TestNG.Testngclass" name="firsttestng" time="0.001"/>
</testsuite> <!-- dayy14TestNG.Testngclass -->
